nohup: ignoring input

> frontend@0.1.0 start
> react-scripts start


✘ node v22.18.0, and webpack v5.100.2 are not yet supported in the Community edition of Console Ninja.
We are working hard on it for you https://tinyurl.com/3h9mtwra.

Estimated release dates:
  - Community users: around 1st October, 2025 (subject to team availability)
  - PRO users:       priority access is available now

(node:16800) [DEP_WEBPACK_DEV_SERVER_ON_AFTER_SETUP_MIDDLEWARE] DeprecationWarning: 'onAfterSetupMiddleware' option is deprecated. Please use the 'setupMiddlewares' option.
(Use `node --trace-deprecation ...` to show where the warning was created)
(node:16800) [DEP_WEBPACK_DEV_SERVER_ON_BEFORE_SETUP_MIDDLEWARE] DeprecationWarning: 'onBeforeSetupMiddleware' option is deprecated. Please use the 'setupMiddlewares' option.
Starting the development server...

Compiled with warnings.

[eslint] 
src/contexts/AuthContext.js
  Line 25:9:  'fetchUserProfile' is assigned a value but never used  no-unused-vars

src/pages/HomePage.js
  Line 6:8:    'SearchFilters' is defined but never used                 no-unused-vars
  Line 7:8:    'BlogList' is defined but never used                      no-unused-vars
  Line 15:10:  'blogs' is assigned a value but never used                no-unused-vars
  Line 16:10:  'loading' is assigned a value but never used              no-unused-vars
  Line 17:10:  'error' is assigned a value but never used                no-unused-vars
  Line 18:10:  'totalPages' is assigned a value but never used           no-unused-vars
  Line 38:9:   'loadBlogs' is assigned a value but never used            no-unused-vars
  Line 69:9:   'handleLike' is assigned a value but never used           no-unused-vars
  Line 91:9:   'handleBookmark' is assigned a value but never used       no-unused-vars
  Line 109:9:  'handleFiltersChange' is assigned a value but never used  no-unused-vars
  Line 114:9:  'handlePageChange' is assigned a value but never used     no-unused-vars
  Line 119:9:  'handleBlogClick' is assigned a value but never used      no-unused-vars

Search for the keywords to learn more about each warning.
To ignore, add // eslint-disable-next-line to the line before.

WARNING in [eslint] 
src/contexts/AuthContext.js
  Line 25:9:  'fetchUserProfile' is assigned a value but never used  no-unused-vars

src/pages/HomePage.js
  Line 6:8:    'SearchFilters' is defined but never used                 no-unused-vars
  Line 7:8:    'BlogList' is defined but never used                      no-unused-vars
  Line 15:10:  'blogs' is assigned a value but never used                no-unused-vars
  Line 16:10:  'loading' is assigned a value but never used              no-unused-vars
  Line 17:10:  'error' is assigned a value but never used                no-unused-vars
  Line 18:10:  'totalPages' is assigned a value but never used           no-unused-vars
  Line 38:9:   'loadBlogs' is assigned a value but never used            no-unused-vars
  Line 69:9:   'handleLike' is assigned a value but never used           no-unused-vars
  Line 91:9:   'handleBookmark' is assigned a value but never used       no-unused-vars
  Line 109:9:  'handleFiltersChange' is assigned a value but never used  no-unused-vars
  Line 114:9:  'handlePageChange' is assigned a value but never used     no-unused-vars
  Line 119:9:  'handleBlogClick' is assigned a value but never used      no-unused-vars

webpack compiled with 1 warning
Compiling...
Failed to compile.

[eslint] 
src/pages/HomePage.js
  Line 12:29:  'useState' is not defined   no-undef
  Line 13:33:  'useState' is not defined   no-undef
  Line 14:29:  'useState' is not defined   no-undef
  Line 15:39:  'useState' is not defined   no-undef
  Line 16:41:  'useState' is not defined   no-undef
  Line 17:33:  'useState' is not defined   no-undef
  Line 28:3:   'useEffect' is not defined  no-undef
  Line 52:30:  'blogAPI' is not defined    no-undef

Search for the keywords to learn more about each error.
WARNING in [eslint] 
src/contexts/AuthContext.js
  Line 25:9:  'fetchUserProfile' is assigned a value but never used  no-unused-vars

src/pages/HomePage.js
  Line 12:10:  'blogs' is assigned a value but never used                no-unused-vars
  Line 13:10:  'loading' is assigned a value but never used              no-unused-vars
  Line 14:10:  'error' is assigned a value but never used                no-unused-vars
  Line 15:10:  'totalPages' is assigned a value but never used           no-unused-vars
  Line 35:9:   'loadBlogs' is assigned a value but never used            no-unused-vars
  Line 66:9:   'handleLike' is assigned a value but never used           no-unused-vars
  Line 88:9:   'handleBookmark' is assigned a value but never used       no-unused-vars
  Line 106:9:  'handleFiltersChange' is assigned a value but never used  no-unused-vars
  Line 111:9:  'handlePageChange' is assigned a value but never used     no-unused-vars
  Line 116:9:  'handleBlogClick' is assigned a value but never used      no-unused-vars

ERROR in [eslint] 
src/pages/HomePage.js
  Line 12:29:  'useState' is not defined   no-undef
  Line 13:33:  'useState' is not defined   no-undef
  Line 14:29:  'useState' is not defined   no-undef
  Line 15:39:  'useState' is not defined   no-undef
  Line 16:41:  'useState' is not defined   no-undef
  Line 17:33:  'useState' is not defined   no-undef
  Line 28:3:   'useEffect' is not defined  no-undef
  Line 52:30:  'blogAPI' is not defined    no-undef

Search for the keywords to learn more about each error.

webpack compiled with 1 error and 1 warning
Compiling...
Compiled with warnings.

[eslint] 
src/contexts/AuthContext.js
  Line 25:9:  'fetchUserProfile' is assigned a value but never used  no-unused-vars

Search for the keywords to learn more about each warning.
To ignore, add // eslint-disable-next-line to the line before.

WARNING in [eslint] 
src/contexts/AuthContext.js
  Line 25:9:  'fetchUserProfile' is assigned a value but never used  no-unused-vars

webpack compiled with 1 warning
Compiling...
Compiled successfully!
webpack compiled successfully
